<?xml version="1.0" encoding="utf-8"?><testsuites><testsuite name="pytest" errors="0" failures="0" skipped="0" tests="5" time="8.417" timestamp="2025-01-13T12:24:02.881996+01:00" hostname="PC-DAVID"><testcase classname="test.rest.api_test.TestApi" name="test_api_add" time="2.053" /><testcase classname="test.rest.api_test.TestApi" name="test_api_divide" time="2.032" /><testcase classname="test.rest.api_test.TestApi" name="test_api_dividezeso" time="2.022" /><testcase classname="test.rest.api_test.TestApi" name="test_api_multiply" time="2.029" /><testcase classname="test.rest.api_test.TestApi" name="test_api_sqrt" time="0.194" /></testsuite></testsuites>